03/20/2023 08:21:56 AM - RIC Service Instance - INFO - The service Logger is Configured.
03/20/2023 08:21:56 AM - RIC Service Instance - INFO - Configuring the Service Entities.
03/20/2023 08:21:56 AM - RIC Service Instance - INFO - The AAS ID is configured.
03/20/2023 08:21:56 AM - RIC Service Instance - INFO - External Variables are configured.
03/20/2023 08:21:56 AM - RIC Service Instance - INFO - Configuration Parameters are Set.
03/20/2023 08:21:56 AM - RIC Service Instance - INFO - The External DB is configured
03/20/2023 08:21:57 AM - RIC Service Instance - INFO - REST API namespaces are configured
03/20/2023 08:22:32 AM - RIC Service Instance - INFO - The service Logger is Configured.
03/20/2023 08:22:32 AM - RIC Service Instance - INFO - Configuring the Service Entities.
03/20/2023 08:22:32 AM - RIC Service Instance - INFO - The AAS ID is configured.
03/20/2023 08:22:32 AM - RIC Service Instance - INFO - External Variables are configured.
03/20/2023 08:22:32 AM - RIC Service Instance - INFO - Configuration Parameters are Set.
03/20/2023 08:22:32 AM - RIC Service Instance - INFO - The External DB is configured
03/20/2023 08:22:32 AM - RIC Service Instance - INFO - REST API namespaces are configured
03/20/2023 08:22:58 AM - RIC Service Instance - INFO - The service Logger is Configured.
03/20/2023 08:22:58 AM - RIC Service Instance - INFO - Configuring the Service Entities.
03/20/2023 08:22:58 AM - RIC Service Instance - INFO - The AAS ID is configured.
03/20/2023 08:22:58 AM - RIC Service Instance - INFO - External Variables are configured.
03/20/2023 08:22:58 AM - RIC Service Instance - INFO - Configuration Parameters are Set.
03/20/2023 08:22:58 AM - RIC Service Instance - INFO - The External DB is configured
03/20/2023 08:22:58 AM - RIC Service Instance - INFO - REST API namespaces are configured
03/20/2023 08:22:59 AM - RIC Service Instance - INFO - The AAS I40 End Points are configured
03/20/2023 08:22:59 AM - RIC Service Instance - INFO - The skills are configured
03/20/2023 08:22:59 AM - RIC Service Instance - INFO - Starting the Service Entities
03/20/2023 08:22:59 AM - RIC Service Instance - INFO - The Database manager is being started
03/20/2023 08:22:59 AM - RIC Service Instance - INFO - The message handler started
03/20/2023 08:22:59 AM - RIC Service Instance - INFO - MQTT channels are started
03/20/2023 08:22:59 AM - RIC Service Instance - INFO - MQTT channels are succesfully connected.
03/20/2023 08:22:59 AM - RIC Service Instance - INFO - The AAS end Points are Started
03/20/2023 08:22:59 AM - RIC Service Instance - INFO - The message handler started
03/20/2023 08:22:59 AM - RIC Service Instance - INFO - The Skills are Started
03/20/2023 08:22:59 AM - RIC Service Instance - INFO - COAP namespaces are started
03/20/2023 08:22:59 AM - RIC Service Instance - INFO - COAP REST API namespaces are configured========================================
03/20/2023 08:31:24 AM - RIC Service Instance - INFO - The service Logger is Configured.
03/20/2023 08:31:24 AM - RIC Service Instance - INFO - Configuring the Service Entities.
03/20/2023 08:31:24 AM - RIC Service Instance - INFO - The AAS ID is configured.
03/20/2023 08:31:24 AM - RIC Service Instance - INFO - External Variables are configured.
03/20/2023 08:31:24 AM - RIC Service Instance - INFO - Configuration Parameters are Set.
03/20/2023 08:31:24 AM - RIC Service Instance - INFO - The External DB is configured
03/20/2023 08:31:25 AM - RIC Service Instance - INFO - REST API namespaces are configured
03/20/2023 08:31:25 AM - RIC Service Instance - INFO - The AAS I40 End Points are configured
03/20/2023 08:31:25 AM - RIC Service Instance - INFO - The skills are configured
03/20/2023 08:31:25 AM - RIC Service Instance - INFO - Starting the Service Entities
03/20/2023 08:31:25 AM - RIC Service Instance - INFO - The Database manager is being started
03/20/2023 08:31:25 AM - RIC Service Instance - INFO - The message handler started
03/20/2023 08:31:25 AM - RIC Service Instance - INFO - MQTT channels are started
03/20/2023 08:31:25 AM - RIC Service Instance - INFO - MQTT channels are succesfully connected.
03/20/2023 08:31:25 AM - RIC Service Instance - INFO - The AAS end Points are Started
03/20/2023 08:31:25 AM - RIC Service Instance - INFO - The message handler started
03/20/2023 08:31:25 AM - RIC Service Instance - INFO - COAP namespaces are started
03/20/2023 08:31:25 AM - RIC Service Instance - INFO - COAP REST API namespaces are configured========================================
03/20/2023 08:31:25 AM - RIC Service Instance - INFO - The Skills are Started
03/20/2023 08:54:12 AM - RIC Service Instance - INFO - MQTT channels are succesfully connected.
03/20/2023 08:55:49 AM - RIC Service Instance - INFO - MQTT channels are succesfully connected.
03/20/2023 09:37:54 AM - RIC Service Instance - INFO - MQTT channels are succesfully connected.
03/20/2023 10:28:41 AM - RIC Service Instance - INFO - MQTT channels are succesfully connected.
03/20/2023 10:49:40 AM - RIC Service Instance - INFO - MQTT channels are succesfully connected.
03/20/2023 11:02:03 AM - RIC Service Instance - INFO - MQTT channels are succesfully connected.
03/20/2023 11:33:08 AM - RIC Service Instance - INFO - MQTT channels are succesfully connected.
03/20/2023 07:45:38 PM - RIC Service Instance - INFO - The service Logger is Configured.
03/20/2023 07:45:38 PM - RIC Service Instance - INFO - Configuring the Service Entities.
03/20/2023 07:45:38 PM - RIC Service Instance - INFO - The AAS ID is configured.
03/20/2023 07:45:38 PM - RIC Service Instance - INFO - External Variables are configured.
03/20/2023 07:45:38 PM - RIC Service Instance - INFO - Configuration Parameters are Set.
03/20/2023 07:45:38 PM - RIC Service Instance - INFO - The External DB is configured
03/20/2023 07:45:39 PM - RIC Service Instance - INFO - REST API namespaces are configured
03/20/2023 07:45:39 PM - RIC Service Instance - INFO - The AAS I40 End Points are configured
03/20/2023 07:45:39 PM - RIC Service Instance - INFO - The skills are configured
03/20/2023 07:45:39 PM - RIC Service Instance - INFO - Starting the Service Entities
03/20/2023 07:45:39 PM - RIC Service Instance - INFO - The Database manager is being started
03/20/2023 07:45:39 PM - RIC Service Instance - INFO - The message handler started
03/20/2023 07:45:39 PM - RIC Service Instance - INFO - MQTT channels are started
03/20/2023 07:45:39 PM - RIC Service Instance - INFO - MQTT channels are succesfully connected.
03/20/2023 07:45:40 PM - RIC Service Instance - INFO - The AAS end Points are Started
03/20/2023 07:45:40 PM - RIC Service Instance - INFO - The message handler started
03/20/2023 07:45:40 PM - RIC Service Instance - INFO - COAP namespaces are started
03/20/2023 07:45:40 PM - RIC Service Instance - INFO - The Skills are Started
03/20/2023 07:45:40 PM - RIC Service Instance - INFO - COAP REST API namespaces are configured========================================
03/20/2023 08:19:26 PM - RIC Service Instance - INFO - The service Logger is Configured.
03/20/2023 08:19:26 PM - RIC Service Instance - INFO - Configuring the Service Entities.
03/20/2023 08:19:26 PM - RIC Service Instance - INFO - The AAS ID is configured.
03/20/2023 08:19:26 PM - RIC Service Instance - INFO - External Variables are configured.
03/20/2023 08:19:26 PM - RIC Service Instance - INFO - Configuration Parameters are Set.
03/20/2023 08:19:26 PM - RIC Service Instance - INFO - The External DB is configured
03/20/2023 08:19:26 PM - RIC Service Instance - INFO - REST API namespaces are configured
03/20/2023 08:19:27 PM - RIC Service Instance - INFO - The AAS I40 End Points are configured
03/20/2023 08:19:27 PM - RIC Service Instance - INFO - The skills are configured
03/20/2023 08:19:27 PM - RIC Service Instance - INFO - Starting the Service Entities
03/20/2023 08:19:27 PM - RIC Service Instance - INFO - The Database manager is being started
03/20/2023 08:19:27 PM - RIC Service Instance - INFO - The message handler started
03/20/2023 08:19:27 PM - RIC Service Instance - INFO - MQTT channels are started
03/20/2023 08:19:27 PM - RIC Service Instance - INFO - MQTT channels are succesfully connected.
03/20/2023 08:19:27 PM - RIC Service Instance - INFO - The AAS end Points are Started
03/20/2023 08:19:27 PM - RIC Service Instance - INFO - The message handler started
03/20/2023 08:19:27 PM - RIC Service Instance - INFO - The Skills are Started
03/20/2023 08:19:27 PM - RIC Service Instance - INFO - COAP namespaces are started
03/20/2023 08:19:27 PM - RIC Service Instance - INFO - COAP REST API namespaces are configured========================================
03/20/2023 08:29:09 PM - RIC Service Instance - INFO - MQTT channels are succesfully connected.
03/20/2023 08:29:09 PM - RIC Service Instance - INFO - MQTT channels are succesfully connected.
03/20/2023 08:39:15 PM - RIC Service Instance - INFO - The service Logger is Configured.
03/20/2023 08:39:15 PM - RIC Service Instance - INFO - Configuring the Service Entities.
03/20/2023 08:39:15 PM - RIC Service Instance - INFO - The AAS ID is configured.
03/20/2023 08:39:15 PM - RIC Service Instance - INFO - External Variables are configured.
03/20/2023 08:39:15 PM - RIC Service Instance - INFO - Configuration Parameters are Set.
03/20/2023 08:39:15 PM - RIC Service Instance - INFO - The External DB is configured
03/20/2023 08:39:16 PM - RIC Service Instance - INFO - REST API namespaces are configured
03/20/2023 08:39:16 PM - RIC Service Instance - INFO - The AAS I40 End Points are configured
03/20/2023 08:39:16 PM - RIC Service Instance - INFO - The skills are configured
03/20/2023 08:39:16 PM - RIC Service Instance - INFO - Starting the Service Entities
03/20/2023 08:39:16 PM - RIC Service Instance - INFO - The Database manager is being started
03/20/2023 08:39:16 PM - RIC Service Instance - INFO - The message handler started
03/20/2023 08:39:16 PM - RIC Service Instance - INFO - MQTT channels are started
03/20/2023 08:39:16 PM - RIC Service Instance - INFO - MQTT channels are succesfully connected.
03/20/2023 08:39:17 PM - RIC Service Instance - INFO - The AAS end Points are Started
03/20/2023 08:39:17 PM - RIC Service Instance - INFO - The message handler started
03/20/2023 08:39:17 PM - RIC Service Instance - INFO - COAP namespaces are started
03/20/2023 08:39:17 PM - RIC Service Instance - INFO - The Skills are Started
03/20/2023 08:39:17 PM - RIC Service Instance - INFO - COAP REST API namespaces are configured========================================
03/20/2023 08:41:09 PM - RIC Service Instance - INFO - The service Logger is Configured.
03/20/2023 08:41:09 PM - RIC Service Instance - INFO - Configuring the Service Entities.
03/20/2023 08:41:09 PM - RIC Service Instance - INFO - The AAS ID is configured.
03/20/2023 08:41:09 PM - RIC Service Instance - INFO - External Variables are configured.
03/20/2023 08:41:09 PM - RIC Service Instance - INFO - Configuration Parameters are Set.
03/20/2023 08:41:09 PM - RIC Service Instance - INFO - The External DB is configured
03/20/2023 08:41:10 PM - RIC Service Instance - INFO - REST API namespaces are configured
03/20/2023 08:41:10 PM - RIC Service Instance - INFO - The AAS I40 End Points are configured
03/20/2023 08:41:10 PM - RIC Service Instance - INFO - The skills are configured
03/20/2023 08:41:10 PM - RIC Service Instance - INFO - Starting the Service Entities
03/20/2023 08:41:10 PM - RIC Service Instance - INFO - The Database manager is being started
03/20/2023 08:41:10 PM - RIC Service Instance - INFO - The message handler started
03/20/2023 08:41:10 PM - RIC Service Instance - INFO - MQTT channels are started
03/20/2023 08:41:11 PM - RIC Service Instance - INFO - MQTT channels are succesfully connected.
03/20/2023 08:41:11 PM - RIC Service Instance - INFO - The AAS end Points are Started
03/20/2023 08:41:11 PM - RIC Service Instance - INFO - The message handler started
03/20/2023 08:41:11 PM - RIC Service Instance - INFO - COAP namespaces are started
03/20/2023 08:41:11 PM - RIC Service Instance - INFO - The Skills are Started
03/20/2023 08:41:11 PM - RIC Service Instance - INFO - COAP REST API namespaces are configured========================================
03/20/2023 08:43:11 PM - RIC Service Instance - INFO - The service Logger is Configured.
03/20/2023 08:43:11 PM - RIC Service Instance - INFO - Configuring the Service Entities.
03/20/2023 08:43:11 PM - RIC Service Instance - INFO - The AAS ID is configured.
03/20/2023 08:43:11 PM - RIC Service Instance - INFO - External Variables are configured.
03/20/2023 08:43:11 PM - RIC Service Instance - INFO - Configuration Parameters are Set.
03/20/2023 08:43:11 PM - RIC Service Instance - INFO - The External DB is configured
03/20/2023 08:43:12 PM - RIC Service Instance - INFO - REST API namespaces are configured
03/20/2023 08:43:13 PM - RIC Service Instance - INFO - The AAS I40 End Points are configured
03/20/2023 08:43:13 PM - RIC Service Instance - INFO - The skills are configured
03/20/2023 08:43:13 PM - RIC Service Instance - INFO - Starting the Service Entities
03/20/2023 08:43:13 PM - RIC Service Instance - INFO - The Database manager is being started
03/20/2023 08:43:13 PM - RIC Service Instance - INFO - The message handler started
03/20/2023 08:43:13 PM - RIC Service Instance - INFO - MQTT channels are started
03/20/2023 08:43:13 PM - RIC Service Instance - INFO - MQTT channels are succesfully connected.
03/20/2023 08:43:13 PM - RIC Service Instance - INFO - The AAS end Points are Started
03/20/2023 08:43:13 PM - RIC Service Instance - INFO - The message handler started
03/20/2023 08:43:13 PM - RIC Service Instance - INFO - COAP namespaces are started
03/20/2023 08:43:13 PM - RIC Service Instance - INFO - The Skills are Started
03/20/2023 08:43:13 PM - RIC Service Instance - INFO - COAP REST API namespaces are configured========================================
03/20/2023 08:49:37 PM - RIC Service Instance - INFO - The service Logger is Configured.
03/20/2023 08:49:37 PM - RIC Service Instance - INFO - Configuring the Service Entities.
03/20/2023 08:49:37 PM - RIC Service Instance - INFO - The AAS ID is configured.
03/20/2023 08:49:37 PM - RIC Service Instance - INFO - External Variables are configured.
03/20/2023 08:49:37 PM - RIC Service Instance - INFO - Configuration Parameters are Set.
03/20/2023 08:49:37 PM - RIC Service Instance - INFO - The External DB is configured
03/20/2023 08:49:38 PM - RIC Service Instance - INFO - REST API namespaces are configured
03/20/2023 08:49:38 PM - RIC Service Instance - INFO - The AAS I40 End Points are configured
03/20/2023 08:49:38 PM - RIC Service Instance - INFO - The skills are configured
03/20/2023 08:49:38 PM - RIC Service Instance - INFO - Starting the Service Entities
03/20/2023 08:49:38 PM - RIC Service Instance - INFO - The Database manager is being started
03/20/2023 08:49:38 PM - RIC Service Instance - INFO - The message handler started
03/20/2023 08:49:39 PM - RIC Service Instance - INFO - MQTT channels are started
03/20/2023 08:49:39 PM - RIC Service Instance - INFO - MQTT channels are succesfully connected.
03/20/2023 08:49:39 PM - RIC Service Instance - INFO - The AAS end Points are Started
03/20/2023 08:49:39 PM - RIC Service Instance - INFO - The message handler started
03/20/2023 08:49:39 PM - RIC Service Instance - INFO - COAP namespaces are started
03/20/2023 08:49:39 PM - RIC Service Instance - INFO - The Skills are Started
03/20/2023 08:49:39 PM - RIC Service Instance - INFO - COAP REST API namespaces are configured========================================
03/20/2023 08:50:44 PM - RIC Service Instance - INFO - The service Logger is Configured.
03/20/2023 08:50:44 PM - RIC Service Instance - INFO - Configuring the Service Entities.
03/20/2023 08:50:44 PM - RIC Service Instance - INFO - The AAS ID is configured.
03/20/2023 08:50:44 PM - RIC Service Instance - INFO - External Variables are configured.
03/20/2023 08:50:44 PM - RIC Service Instance - INFO - Configuration Parameters are Set.
03/20/2023 08:50:44 PM - RIC Service Instance - INFO - The External DB is configured
03/20/2023 08:50:45 PM - RIC Service Instance - INFO - REST API namespaces are configured
03/20/2023 08:50:46 PM - RIC Service Instance - INFO - The AAS I40 End Points are configured
03/20/2023 08:50:46 PM - RIC Service Instance - INFO - The skills are configured
03/20/2023 08:50:46 PM - RIC Service Instance - INFO - Starting the Service Entities
03/20/2023 08:50:46 PM - RIC Service Instance - INFO - The Database manager is being started
03/20/2023 08:50:46 PM - RIC Service Instance - INFO - The message handler started
03/20/2023 08:50:46 PM - RIC Service Instance - INFO - MQTT channels are started
03/20/2023 08:50:46 PM - RIC Service Instance - INFO - MQTT channels are succesfully connected.
03/20/2023 08:50:46 PM - RIC Service Instance - INFO - The AAS end Points are Started
03/20/2023 08:50:46 PM - RIC Service Instance - INFO - The message handler started
03/20/2023 08:50:46 PM - RIC Service Instance - INFO - COAP namespaces are started
03/20/2023 08:50:46 PM - RIC Service Instance - INFO - COAP REST API namespaces are configured========================================
03/20/2023 08:50:46 PM - RIC Service Instance - INFO - The Skills are Started
03/20/2023 08:51:39 PM - RIC Service Instance - INFO - The service Logger is Configured.
03/20/2023 08:51:39 PM - RIC Service Instance - INFO - Configuring the Service Entities.
03/20/2023 08:51:39 PM - RIC Service Instance - INFO - The AAS ID is configured.
03/20/2023 08:51:39 PM - RIC Service Instance - INFO - External Variables are configured.
03/20/2023 08:51:39 PM - RIC Service Instance - INFO - Configuration Parameters are Set.
03/20/2023 08:51:39 PM - RIC Service Instance - INFO - The External DB is configured
03/20/2023 08:51:40 PM - RIC Service Instance - INFO - REST API namespaces are configured
03/20/2023 08:51:40 PM - RIC Service Instance - INFO - The AAS I40 End Points are configured
03/20/2023 08:51:40 PM - RIC Service Instance - INFO - The skills are configured
03/20/2023 08:51:40 PM - RIC Service Instance - INFO - Starting the Service Entities
03/20/2023 08:51:40 PM - RIC Service Instance - INFO - The Database manager is being started
03/20/2023 08:51:40 PM - RIC Service Instance - INFO - The message handler started
03/20/2023 08:51:40 PM - RIC Service Instance - INFO - MQTT channels are started
03/20/2023 08:51:40 PM - RIC Service Instance - INFO - The AAS end Points are Started
03/20/2023 08:51:40 PM - RIC Service Instance - INFO - MQTT channels are succesfully connected.
03/20/2023 08:51:40 PM - RIC Service Instance - INFO - The message handler started
03/20/2023 08:51:40 PM - RIC Service Instance - INFO - The Skills are Started
03/20/2023 08:51:40 PM - RIC Service Instance - INFO - COAP namespaces are started
03/20/2023 08:51:40 PM - RIC Service Instance - INFO - COAP REST API namespaces are configured========================================
03/20/2023 08:52:52 PM - RIC Service Instance - INFO - The service Logger is Configured.
03/20/2023 08:52:52 PM - RIC Service Instance - INFO - Configuring the Service Entities.
03/20/2023 08:52:52 PM - RIC Service Instance - INFO - The AAS ID is configured.
03/20/2023 08:52:52 PM - RIC Service Instance - INFO - External Variables are configured.
03/20/2023 08:52:52 PM - RIC Service Instance - INFO - Configuration Parameters are Set.
03/20/2023 08:52:52 PM - RIC Service Instance - INFO - The External DB is configured
03/20/2023 08:52:53 PM - RIC Service Instance - INFO - REST API namespaces are configured
03/20/2023 08:52:54 PM - RIC Service Instance - INFO - The AAS I40 End Points are configured
03/20/2023 08:52:54 PM - RIC Service Instance - INFO - The skills are configured
03/20/2023 08:52:54 PM - RIC Service Instance - INFO - Starting the Service Entities
03/20/2023 08:52:54 PM - RIC Service Instance - INFO - The Database manager is being started
03/20/2023 08:52:54 PM - RIC Service Instance - INFO - The message handler started
03/20/2023 08:52:54 PM - RIC Service Instance - INFO - MQTT channels are started
03/20/2023 08:52:54 PM - RIC Service Instance - INFO - MQTT channels are succesfully connected.
03/20/2023 08:52:54 PM - RIC Service Instance - INFO - The AAS end Points are Started
03/20/2023 08:52:54 PM - RIC Service Instance - INFO - The message handler started
03/20/2023 08:52:54 PM - RIC Service Instance - INFO - The Skills are Started
03/20/2023 08:52:54 PM - RIC Service Instance - INFO - COAP namespaces are started
03/20/2023 08:52:54 PM - RIC Service Instance - INFO - COAP REST API namespaces are configured========================================
03/20/2023 08:54:23 PM - RIC Service Instance - INFO - The service Logger is Configured.
03/20/2023 08:54:23 PM - RIC Service Instance - INFO - Configuring the Service Entities.
03/20/2023 08:54:23 PM - RIC Service Instance - INFO - The AAS ID is configured.
03/20/2023 08:54:23 PM - RIC Service Instance - INFO - External Variables are configured.
03/20/2023 08:54:23 PM - RIC Service Instance - INFO - Configuration Parameters are Set.
03/20/2023 08:54:23 PM - RIC Service Instance - INFO - The External DB is configured
03/20/2023 08:54:24 PM - RIC Service Instance - INFO - REST API namespaces are configured
03/20/2023 08:54:24 PM - RIC Service Instance - INFO - The AAS I40 End Points are configured
03/20/2023 08:54:24 PM - RIC Service Instance - INFO - The skills are configured
03/20/2023 08:54:24 PM - RIC Service Instance - INFO - Starting the Service Entities
03/20/2023 08:54:24 PM - RIC Service Instance - INFO - The Database manager is being started
03/20/2023 08:54:24 PM - RIC Service Instance - INFO - The message handler started
03/20/2023 08:54:25 PM - RIC Service Instance - INFO - MQTT channels are started
03/20/2023 08:54:25 PM - RIC Service Instance - INFO - MQTT channels are succesfully connected.
03/20/2023 08:54:25 PM - RIC Service Instance - INFO - The AAS end Points are Started
03/20/2023 08:54:25 PM - RIC Service Instance - INFO - The message handler started
03/20/2023 08:54:25 PM - RIC Service Instance - INFO - COAP namespaces are started
03/20/2023 08:54:25 PM - RIC Service Instance - INFO - COAP REST API namespaces are configured========================================
03/20/2023 08:54:25 PM - RIC Service Instance - INFO - The Skills are Started
03/20/2023 08:59:47 PM - RIC Service Instance - INFO - The service Logger is Configured.
03/20/2023 08:59:47 PM - RIC Service Instance - INFO - Configuring the Service Entities.
03/20/2023 08:59:47 PM - RIC Service Instance - INFO - The AAS ID is configured.
03/20/2023 08:59:47 PM - RIC Service Instance - INFO - External Variables are configured.
03/20/2023 08:59:47 PM - RIC Service Instance - INFO - Configuration Parameters are Set.
03/20/2023 08:59:47 PM - RIC Service Instance - INFO - The External DB is configured
03/20/2023 08:59:47 PM - RIC Service Instance - INFO - REST API namespaces are configured
03/20/2023 08:59:47 PM - RIC Service Instance - INFO - The AAS I40 End Points are configured
03/20/2023 08:59:47 PM - RIC Service Instance - INFO - The skills are configured
03/20/2023 08:59:47 PM - RIC Service Instance - INFO - Starting the Service Entities
03/20/2023 08:59:47 PM - RIC Service Instance - INFO - The Database manager is being started
03/20/2023 08:59:47 PM - RIC Service Instance - INFO - The message handler started
03/20/2023 08:59:48 PM - RIC Service Instance - INFO - MQTT channels are succesfully connected.
03/20/2023 08:59:48 PM - RIC Service Instance - INFO - MQTT channels are started
03/20/2023 08:59:48 PM - RIC Service Instance - INFO - The AAS end Points are Started
03/20/2023 08:59:48 PM - RIC Service Instance - INFO - The message handler started
03/20/2023 08:59:48 PM - RIC Service Instance - INFO - The Skills are Started
03/20/2023 08:59:48 PM - RIC Service Instance - INFO - COAP namespaces are started
03/20/2023 08:59:48 PM - RIC Service Instance - INFO - COAP REST API namespaces are configured========================================
03/20/2023 09:02:36 PM - RIC Service Instance - INFO - The service Logger is Configured.
03/20/2023 09:02:36 PM - RIC Service Instance - INFO - Configuring the Service Entities.
03/20/2023 09:02:36 PM - RIC Service Instance - INFO - The AAS ID is configured.
03/20/2023 09:02:36 PM - RIC Service Instance - INFO - External Variables are configured.
03/20/2023 09:02:36 PM - RIC Service Instance - INFO - Configuration Parameters are Set.
03/20/2023 09:02:36 PM - RIC Service Instance - INFO - The External DB is configured
03/20/2023 09:02:36 PM - RIC Service Instance - INFO - REST API namespaces are configured
03/20/2023 09:02:36 PM - RIC Service Instance - INFO - The AAS I40 End Points are configured
03/20/2023 09:02:36 PM - RIC Service Instance - INFO - The skills are configured
03/20/2023 09:02:36 PM - RIC Service Instance - INFO - Starting the Service Entities
03/20/2023 09:02:36 PM - RIC Service Instance - INFO - The Database manager is being started
03/20/2023 09:02:36 PM - RIC Service Instance - INFO - The message handler started
03/20/2023 09:02:36 PM - RIC Service Instance - INFO - MQTT channels are succesfully connected.
03/20/2023 09:02:36 PM - RIC Service Instance - INFO - MQTT channels are started
03/20/2023 09:02:37 PM - RIC Service Instance - INFO - The AAS end Points are Started
03/20/2023 09:02:37 PM - RIC Service Instance - INFO - The message handler started
03/20/2023 09:02:37 PM - RIC Service Instance - INFO - COAP namespaces are started
03/20/2023 09:02:37 PM - RIC Service Instance - INFO - COAP REST API namespaces are configured========================================
03/20/2023 09:02:37 PM - RIC Service Instance - INFO - The Skills are Started
03/20/2023 09:04:26 PM - RIC Service Instance - INFO - The service Logger is Configured.
03/20/2023 09:04:26 PM - RIC Service Instance - INFO - Configuring the Service Entities.
03/20/2023 09:04:26 PM - RIC Service Instance - INFO - The AAS ID is configured.
03/20/2023 09:04:26 PM - RIC Service Instance - INFO - External Variables are configured.
03/20/2023 09:04:26 PM - RIC Service Instance - INFO - Configuration Parameters are Set.
03/20/2023 09:04:26 PM - RIC Service Instance - INFO - The External DB is configured
03/20/2023 09:04:27 PM - RIC Service Instance - INFO - REST API namespaces are configured
03/20/2023 09:04:27 PM - RIC Service Instance - INFO - The AAS I40 End Points are configured
03/20/2023 09:04:27 PM - RIC Service Instance - INFO - The skills are configured
03/20/2023 09:04:27 PM - RIC Service Instance - INFO - Starting the Service Entities
03/20/2023 09:04:27 PM - RIC Service Instance - INFO - The Database manager is being started
03/20/2023 09:04:27 PM - RIC Service Instance - INFO - The message handler started
03/20/2023 09:04:27 PM - RIC Service Instance - INFO - MQTT channels are started
03/20/2023 09:04:27 PM - RIC Service Instance - INFO - MQTT channels are succesfully connected.
03/20/2023 09:04:27 PM - RIC Service Instance - INFO - The AAS end Points are Started
03/20/2023 09:04:27 PM - RIC Service Instance - INFO - The message handler started
03/20/2023 09:04:27 PM - RIC Service Instance - INFO - The Skills are Started
03/20/2023 09:04:28 PM - RIC Service Instance - INFO - COAP namespaces are started
03/20/2023 09:04:28 PM - RIC Service Instance - INFO - COAP REST API namespaces are configured========================================
03/20/2023 09:07:01 PM - RIC Service Instance - INFO - The service Logger is Configured.
03/20/2023 09:07:01 PM - RIC Service Instance - INFO - Configuring the Service Entities.
03/20/2023 09:07:01 PM - RIC Service Instance - INFO - The AAS ID is configured.
03/20/2023 09:07:01 PM - RIC Service Instance - INFO - External Variables are configured.
03/20/2023 09:07:01 PM - RIC Service Instance - INFO - Configuration Parameters are Set.
03/20/2023 09:07:01 PM - RIC Service Instance - INFO - The External DB is configured
03/20/2023 09:07:01 PM - RIC Service Instance - INFO - REST API namespaces are configured
03/20/2023 09:07:01 PM - RIC Service Instance - INFO - The AAS I40 End Points are configured
03/20/2023 09:07:01 PM - RIC Service Instance - INFO - The skills are configured
03/20/2023 09:07:01 PM - RIC Service Instance - INFO - Starting the Service Entities
03/20/2023 09:07:01 PM - RIC Service Instance - INFO - The Database manager is being started
03/20/2023 09:07:01 PM - RIC Service Instance - INFO - The message handler started
03/20/2023 09:07:02 PM - RIC Service Instance - INFO - MQTT channels are started
03/20/2023 09:07:02 PM - RIC Service Instance - INFO - MQTT channels are succesfully connected.
03/20/2023 09:07:02 PM - RIC Service Instance - INFO - The AAS end Points are Started
03/20/2023 09:07:02 PM - RIC Service Instance - INFO - The message handler started
03/20/2023 09:07:02 PM - RIC Service Instance - INFO - COAP namespaces are started
03/20/2023 09:07:02 PM - RIC Service Instance - INFO - COAP REST API namespaces are configured========================================
03/20/2023 09:07:02 PM - RIC Service Instance - INFO - The Skills are Started
03/20/2023 09:07:44 PM - RIC Service Instance - INFO - The service Logger is Configured.
03/20/2023 09:07:44 PM - RIC Service Instance - INFO - Configuring the Service Entities.
03/20/2023 09:07:44 PM - RIC Service Instance - INFO - The AAS ID is configured.
03/20/2023 09:07:44 PM - RIC Service Instance - INFO - External Variables are configured.
03/20/2023 09:07:44 PM - RIC Service Instance - INFO - Configuration Parameters are Set.
03/20/2023 09:07:44 PM - RIC Service Instance - INFO - The External DB is configured
03/20/2023 09:07:44 PM - RIC Service Instance - INFO - REST API namespaces are configured
03/20/2023 09:07:45 PM - RIC Service Instance - INFO - The AAS I40 End Points are configured
03/20/2023 09:07:45 PM - RIC Service Instance - INFO - The skills are configured
03/20/2023 09:07:45 PM - RIC Service Instance - INFO - Starting the Service Entities
03/20/2023 09:07:45 PM - RIC Service Instance - INFO - The Database manager is being started
03/20/2023 09:07:45 PM - RIC Service Instance - INFO - The message handler started
03/20/2023 09:07:45 PM - RIC Service Instance - INFO - MQTT channels are started
03/20/2023 09:07:45 PM - RIC Service Instance - INFO - MQTT channels are succesfully connected.
03/20/2023 09:07:45 PM - RIC Service Instance - INFO - The AAS end Points are Started
03/20/2023 09:07:45 PM - RIC Service Instance - INFO - The message handler started
03/20/2023 09:07:45 PM - RIC Service Instance - INFO - COAP namespaces are started
03/20/2023 09:07:45 PM - RIC Service Instance - INFO - The Skills are Started
03/20/2023 09:07:46 PM - RIC Service Instance - INFO - COAP REST API namespaces are configured========================================
03/20/2023 09:14:08 PM - RIC Service Instance - INFO - The service Logger is Configured.
03/20/2023 09:14:08 PM - RIC Service Instance - INFO - Configuring the Service Entities.
03/20/2023 09:14:08 PM - RIC Service Instance - INFO - The AAS ID is configured.
03/20/2023 09:14:08 PM - RIC Service Instance - INFO - External Variables are configured.
03/20/2023 09:14:08 PM - RIC Service Instance - INFO - Configuration Parameters are Set.
03/20/2023 09:14:08 PM - RIC Service Instance - INFO - The External DB is configured
03/20/2023 09:14:09 PM - RIC Service Instance - INFO - REST API namespaces are configured
03/20/2023 09:14:09 PM - RIC Service Instance - INFO - The AAS I40 End Points are configured
03/20/2023 09:14:09 PM - RIC Service Instance - INFO - The skills are configured
03/20/2023 09:14:09 PM - RIC Service Instance - INFO - Starting the Service Entities
03/20/2023 09:14:09 PM - RIC Service Instance - INFO - The Database manager is being started
03/20/2023 09:14:09 PM - RIC Service Instance - INFO - The message handler started
03/20/2023 09:14:09 PM - RIC Service Instance - INFO - MQTT channels are started
03/20/2023 09:14:09 PM - RIC Service Instance - INFO - MQTT channels are succesfully connected.
03/20/2023 09:14:09 PM - RIC Service Instance - INFO - The AAS end Points are Started
03/20/2023 09:14:10 PM - RIC Service Instance - INFO - The message handler started
03/20/2023 09:14:10 PM - RIC Service Instance - INFO - COAP namespaces are started
03/20/2023 09:14:10 PM - RIC Service Instance - INFO - COAP REST API namespaces are configured========================================
03/20/2023 09:14:10 PM - RIC Service Instance - INFO - The Skills are Started
03/21/2023 12:04:58 PM - RIC Service Instance - INFO - The service Logger is Configured.
03/21/2023 12:04:58 PM - RIC Service Instance - INFO - Configuring the Service Entities.
03/21/2023 12:04:58 PM - RIC Service Instance - INFO - The AAS ID is configured.
03/21/2023 12:04:58 PM - RIC Service Instance - INFO - External Variables are configured.
03/21/2023 12:04:58 PM - RIC Service Instance - INFO - Configuration Parameters are Set.
03/21/2023 12:04:58 PM - RIC Service Instance - INFO - The External DB is configured
03/21/2023 12:04:58 PM - RIC Service Instance - INFO - REST API namespaces are configured
03/21/2023 12:04:59 PM - RIC Service Instance - INFO - The AAS I40 End Points are configured
03/21/2023 12:04:59 PM - RIC Service Instance - INFO - The skills are configured
03/21/2023 12:04:59 PM - RIC Service Instance - INFO - Starting the Service Entities
03/21/2023 12:04:59 PM - RIC Service Instance - INFO - The Database manager is being started
03/21/2023 12:04:59 PM - RIC Service Instance - INFO - The message handler started
03/21/2023 12:04:59 PM - RIC Service Instance - INFO - MQTT channels are started
03/21/2023 12:04:59 PM - RIC Service Instance - INFO - MQTT channels are succesfully connected.
03/21/2023 12:04:59 PM - RIC Service Instance - INFO - The AAS end Points are Started
03/21/2023 12:04:59 PM - RIC Service Instance - INFO - The message handler started
03/21/2023 12:04:59 PM - RIC Service Instance - INFO - The Skills are Started
03/21/2023 12:04:59 PM - RIC Service Instance - INFO - COAP namespaces are started
03/21/2023 12:04:59 PM - RIC Service Instance - INFO - COAP REST API namespaces are configured========================================
03/21/2023 12:18:31 PM - RIC Service Instance - INFO - The service Logger is Configured.
03/21/2023 12:18:31 PM - RIC Service Instance - INFO - Configuring the Service Entities.
03/21/2023 12:18:31 PM - RIC Service Instance - INFO - The AAS ID is configured.
03/21/2023 12:18:31 PM - RIC Service Instance - INFO - External Variables are configured.
03/21/2023 12:18:31 PM - RIC Service Instance - INFO - Configuration Parameters are Set.
03/21/2023 12:18:31 PM - RIC Service Instance - INFO - The External DB is configured
03/21/2023 12:18:31 PM - RIC Service Instance - INFO - REST API namespaces are configured
03/21/2023 12:18:31 PM - RIC Service Instance - INFO - The AAS I40 End Points are configured
03/21/2023 12:18:31 PM - RIC Service Instance - INFO - The skills are configured
03/21/2023 12:18:31 PM - RIC Service Instance - INFO - Starting the Service Entities
03/21/2023 12:18:31 PM - RIC Service Instance - INFO - The Database manager is being started
03/21/2023 12:18:31 PM - RIC Service Instance - INFO - The message handler started
03/21/2023 12:18:31 PM - RIC Service Instance - INFO - MQTT channels are started
03/21/2023 12:18:31 PM - RIC Service Instance - INFO - MQTT channels are succesfully connected.
03/21/2023 12:18:32 PM - RIC Service Instance - INFO - The AAS end Points are Started
03/21/2023 12:18:32 PM - RIC Service Instance - INFO - The message handler started
03/21/2023 12:18:32 PM - RIC Service Instance - INFO - COAP namespaces are started
03/21/2023 12:18:32 PM - RIC Service Instance - INFO - The Skills are Started
03/21/2023 12:18:32 PM - RIC Service Instance - INFO - COAP REST API namespaces are configured========================================
03/21/2023 12:52:33 PM - RIC Service Instance - INFO - 'identification'
03/21/2023 06:17:53 PM - RIC Service Instance - INFO - The service Logger is Configured.
03/21/2023 06:17:53 PM - RIC Service Instance - INFO - Configuring the Service Entities.
03/21/2023 06:17:53 PM - RIC Service Instance - INFO - The AAS ID is configured.
03/21/2023 06:17:53 PM - RIC Service Instance - INFO - External Variables are configured.
03/21/2023 06:17:53 PM - RIC Service Instance - INFO - Configuration Parameters are Set.
03/21/2023 06:17:53 PM - RIC Service Instance - INFO - The External DB is configured
03/21/2023 06:17:54 PM - RIC Service Instance - INFO - REST API namespaces are configured
03/21/2023 06:17:55 PM - RIC Service Instance - INFO - The AAS I40 End Points are configured
03/21/2023 06:17:55 PM - RIC Service Instance - INFO - The skills are configured
03/21/2023 06:17:55 PM - RIC Service Instance - INFO - Starting the Service Entities
03/21/2023 06:17:55 PM - RIC Service Instance - INFO - The Database manager is being started
03/21/2023 06:17:55 PM - RIC Service Instance - INFO - The message handler started
03/21/2023 06:17:55 PM - RIC Service Instance - INFO - MQTT channels are started
03/21/2023 06:17:55 PM - RIC Service Instance - INFO - MQTT channels are succesfully connected.
03/21/2023 06:17:55 PM - RIC Service Instance - INFO - The AAS end Points are Started
03/21/2023 06:17:55 PM - RIC Service Instance - INFO - The message handler started
03/21/2023 06:17:55 PM - RIC Service Instance - INFO - The Skills are Started
03/21/2023 06:17:55 PM - RIC Service Instance - INFO - COAP namespaces are started
03/21/2023 06:17:56 PM - RIC Service Instance - INFO - COAP REST API namespaces are configured========================================
03/21/2023 06:19:56 PM - RIC Service Instance - INFO - The service Logger is Configured.
03/21/2023 06:19:56 PM - RIC Service Instance - INFO - Configuring the Service Entities.
03/21/2023 06:19:56 PM - RIC Service Instance - INFO - The AAS ID is configured.
03/21/2023 06:19:56 PM - RIC Service Instance - INFO - External Variables are configured.
03/21/2023 06:19:56 PM - RIC Service Instance - INFO - Configuration Parameters are Set.
03/21/2023 06:19:56 PM - RIC Service Instance - INFO - The External DB is configured
03/21/2023 06:19:57 PM - RIC Service Instance - INFO - REST API namespaces are configured
03/21/2023 06:19:58 PM - RIC Service Instance - INFO - The AAS I40 End Points are configured
03/21/2023 06:19:58 PM - RIC Service Instance - INFO - The skills are configured
03/21/2023 06:19:58 PM - RIC Service Instance - INFO - Starting the Service Entities
03/21/2023 06:19:58 PM - RIC Service Instance - INFO - The Database manager is being started
03/21/2023 06:19:58 PM - RIC Service Instance - INFO - The message handler started
03/21/2023 06:19:58 PM - RIC Service Instance - INFO - MQTT channels are succesfully connected.
03/21/2023 06:19:58 PM - RIC Service Instance - INFO - MQTT channels are started
03/21/2023 06:19:58 PM - RIC Service Instance - INFO - The AAS end Points are Started
03/21/2023 06:19:59 PM - RIC Service Instance - INFO - The message handler started
03/21/2023 06:19:59 PM - RIC Service Instance - INFO - COAP namespaces are started
03/21/2023 06:19:59 PM - RIC Service Instance - INFO - COAP REST API namespaces are configured========================================
03/21/2023 06:19:59 PM - RIC Service Instance - INFO - The Skills are Started
03/21/2023 06:21:23 PM - RIC Service Instance - INFO - 'identification'
03/21/2023 06:21:30 PM - RIC Service Instance - INFO - MQTT channels are succesfully connected.
03/21/2023 06:23:23 PM - RIC Service Instance - INFO - The service Logger is Configured.
03/21/2023 06:23:23 PM - RIC Service Instance - INFO - Configuring the Service Entities.
03/21/2023 06:23:23 PM - RIC Service Instance - INFO - The AAS ID is configured.
03/21/2023 06:23:23 PM - RIC Service Instance - INFO - External Variables are configured.
03/21/2023 06:23:23 PM - RIC Service Instance - INFO - Configuration Parameters are Set.
03/21/2023 06:23:23 PM - RIC Service Instance - INFO - The External DB is configured
03/21/2023 06:23:24 PM - RIC Service Instance - INFO - REST API namespaces are configured
03/21/2023 06:23:24 PM - RIC Service Instance - INFO - The AAS I40 End Points are configured
03/21/2023 06:23:24 PM - RIC Service Instance - INFO - The skills are configured
03/21/2023 06:23:24 PM - RIC Service Instance - INFO - Starting the Service Entities
03/21/2023 06:23:24 PM - RIC Service Instance - INFO - The Database manager is being started
03/21/2023 06:23:24 PM - RIC Service Instance - INFO - The message handler started
03/21/2023 06:23:25 PM - RIC Service Instance - INFO - MQTT channels are started
03/21/2023 06:23:25 PM - RIC Service Instance - INFO - MQTT channels are succesfully connected.
03/21/2023 06:23:25 PM - RIC Service Instance - INFO - The AAS end Points are Started
03/21/2023 06:23:25 PM - RIC Service Instance - INFO - The message handler started
03/21/2023 06:23:25 PM - RIC Service Instance - INFO - COAP namespaces are started
03/21/2023 06:23:25 PM - RIC Service Instance - INFO - COAP REST API namespaces are configured========================================
03/21/2023 06:23:25 PM - RIC Service Instance - INFO - The Skills are Started
03/21/2023 06:23:54 PM - RIC Service Instance - INFO - 'identification'
03/21/2023 06:24:35 PM - RIC Service Instance - INFO - The service Logger is Configured.
03/21/2023 06:24:35 PM - RIC Service Instance - INFO - Configuring the Service Entities.
03/21/2023 06:24:35 PM - RIC Service Instance - INFO - The AAS ID is configured.
03/21/2023 06:24:35 PM - RIC Service Instance - INFO - External Variables are configured.
03/21/2023 06:24:35 PM - RIC Service Instance - INFO - Configuration Parameters are Set.
03/21/2023 06:24:35 PM - RIC Service Instance - INFO - The External DB is configured
03/21/2023 06:24:36 PM - RIC Service Instance - INFO - REST API namespaces are configured
03/21/2023 06:24:36 PM - RIC Service Instance - INFO - The AAS I40 End Points are configured
03/21/2023 06:24:36 PM - RIC Service Instance - INFO - The skills are configured
03/21/2023 06:24:36 PM - RIC Service Instance - INFO - Starting the Service Entities
03/21/2023 06:24:36 PM - RIC Service Instance - INFO - The Database manager is being started
03/21/2023 06:24:36 PM - RIC Service Instance - INFO - The message handler started
03/21/2023 06:24:36 PM - RIC Service Instance - INFO - MQTT channels are started
03/21/2023 06:24:36 PM - RIC Service Instance - INFO - MQTT channels are succesfully connected.
03/21/2023 06:24:36 PM - RIC Service Instance - INFO - The AAS end Points are Started
03/21/2023 06:24:36 PM - RIC Service Instance - INFO - The message handler started
03/21/2023 06:24:36 PM - RIC Service Instance - INFO - COAP namespaces are started
03/21/2023 06:24:37 PM - RIC Service Instance - INFO - COAP REST API namespaces are configured========================================
03/21/2023 06:24:37 PM - RIC Service Instance - INFO - The Skills are Started
03/21/2023 06:25:16 PM - RIC Service Instance - INFO - 'identification'
03/21/2023 06:26:29 PM - RIC Service Instance - INFO - The service Logger is Configured.
03/21/2023 06:26:29 PM - RIC Service Instance - INFO - Configuring the Service Entities.
03/21/2023 06:26:29 PM - RIC Service Instance - INFO - The AAS ID is configured.
03/21/2023 06:26:29 PM - RIC Service Instance - INFO - External Variables are configured.
03/21/2023 06:26:29 PM - RIC Service Instance - INFO - Configuration Parameters are Set.
03/21/2023 06:26:29 PM - RIC Service Instance - INFO - The External DB is configured
03/21/2023 06:26:30 PM - RIC Service Instance - INFO - REST API namespaces are configured
03/21/2023 06:26:30 PM - RIC Service Instance - INFO - The AAS I40 End Points are configured
03/21/2023 06:26:30 PM - RIC Service Instance - INFO - The skills are configured
03/21/2023 06:26:30 PM - RIC Service Instance - INFO - Starting the Service Entities
03/21/2023 06:26:30 PM - RIC Service Instance - INFO - The Database manager is being started
03/21/2023 06:26:30 PM - RIC Service Instance - INFO - The message handler started
03/21/2023 06:26:30 PM - RIC Service Instance - INFO - MQTT channels are succesfully connected.
03/21/2023 06:26:30 PM - RIC Service Instance - INFO - MQTT channels are started
03/21/2023 06:26:30 PM - RIC Service Instance - INFO - The AAS end Points are Started
03/21/2023 06:26:31 PM - RIC Service Instance - INFO - The message handler started
03/21/2023 06:26:31 PM - RIC Service Instance - INFO - COAP namespaces are started
03/21/2023 06:26:31 PM - RIC Service Instance - INFO - The Skills are Started
03/21/2023 06:26:31 PM - RIC Service Instance - INFO - COAP REST API namespaces are configured========================================
03/21/2023 06:27:09 PM - RIC Service Instance - INFO - 'identification'
03/21/2023 06:27:29 PM - RIC Service Instance - INFO - The service Logger is Configured.
03/21/2023 06:27:29 PM - RIC Service Instance - INFO - Configuring the Service Entities.
03/21/2023 06:27:30 PM - RIC Service Instance - INFO - The AAS ID is configured.
03/21/2023 06:27:30 PM - RIC Service Instance - INFO - External Variables are configured.
03/21/2023 06:27:30 PM - RIC Service Instance - INFO - Configuration Parameters are Set.
03/21/2023 06:27:30 PM - RIC Service Instance - INFO - The External DB is configured
03/21/2023 06:27:31 PM - RIC Service Instance - INFO - REST API namespaces are configured
03/21/2023 06:27:31 PM - RIC Service Instance - INFO - The AAS I40 End Points are configured
03/21/2023 06:27:31 PM - RIC Service Instance - INFO - The skills are configured
03/21/2023 06:27:31 PM - RIC Service Instance - INFO - Starting the Service Entities
03/21/2023 06:27:31 PM - RIC Service Instance - INFO - The Database manager is being started
03/21/2023 06:27:31 PM - RIC Service Instance - INFO - The message handler started
03/21/2023 06:27:32 PM - RIC Service Instance - INFO - MQTT channels are started
03/21/2023 06:27:32 PM - RIC Service Instance - INFO - MQTT channels are succesfully connected.
03/21/2023 06:27:32 PM - RIC Service Instance - INFO - The AAS end Points are Started
03/21/2023 06:27:32 PM - RIC Service Instance - INFO - The message handler started
03/21/2023 06:27:32 PM - RIC Service Instance - INFO - The Skills are Started
03/21/2023 06:27:32 PM - RIC Service Instance - INFO - COAP namespaces are started
03/21/2023 06:27:33 PM - RIC Service Instance - INFO - COAP REST API namespaces are configured========================================
03/21/2023 06:28:11 PM - RIC Service Instance - INFO - 'identification'
03/21/2023 08:43:07 PM - RIC Service Instance - INFO - The service Logger is Configured.
03/21/2023 08:43:07 PM - RIC Service Instance - INFO - Configuring the Service Entities.
03/21/2023 08:43:07 PM - RIC Service Instance - INFO - The AAS ID is configured.
03/21/2023 08:43:07 PM - RIC Service Instance - INFO - External Variables are configured.
03/21/2023 08:43:07 PM - RIC Service Instance - INFO - Configuration Parameters are Set.
03/21/2023 08:43:07 PM - RIC Service Instance - INFO - The External DB is configured
03/21/2023 08:43:07 PM - RIC Service Instance - INFO - REST API namespaces are configured
03/21/2023 08:43:07 PM - RIC Service Instance - INFO - The AAS I40 End Points are configured
03/21/2023 08:43:07 PM - RIC Service Instance - INFO - The skills are configured
03/21/2023 08:43:07 PM - RIC Service Instance - INFO - Starting the Service Entities
03/21/2023 08:43:07 PM - RIC Service Instance - INFO - The Database manager is being started
03/21/2023 08:43:07 PM - RIC Service Instance - INFO - The message handler started
03/21/2023 08:43:07 PM - RIC Service Instance - INFO - MQTT channels are started
03/21/2023 08:43:07 PM - RIC Service Instance - INFO - MQTT channels are succesfully connected.
03/21/2023 08:43:07 PM - RIC Service Instance - INFO - The AAS end Points are Started
03/21/2023 08:43:08 PM - RIC Service Instance - INFO - The message handler started
03/21/2023 08:43:08 PM - RIC Service Instance - INFO - The Skills are Started
03/21/2023 08:43:08 PM - RIC Service Instance - INFO - COAP namespaces are started
03/21/2023 08:43:08 PM - RIC Service Instance - INFO - COAP REST API namespaces are configured========================================
03/21/2023 08:43:33 PM - RIC Service Instance - INFO - 'identification'
03/21/2023 08:46:57 PM - RIC Service Instance - INFO - The service Logger is Configured.
03/21/2023 08:46:57 PM - RIC Service Instance - INFO - Configuring the Service Entities.
03/21/2023 08:46:57 PM - RIC Service Instance - INFO - The AAS ID is configured.
03/21/2023 08:46:57 PM - RIC Service Instance - INFO - External Variables are configured.
03/21/2023 08:46:57 PM - RIC Service Instance - INFO - Configuration Parameters are Set.
03/21/2023 08:46:57 PM - RIC Service Instance - INFO - The External DB is configured
03/21/2023 08:46:57 PM - RIC Service Instance - INFO - REST API namespaces are configured
03/21/2023 08:46:57 PM - RIC Service Instance - INFO - The AAS I40 End Points are configured
03/21/2023 08:46:57 PM - RIC Service Instance - INFO - The skills are configured
03/21/2023 08:46:57 PM - RIC Service Instance - INFO - Starting the Service Entities
03/21/2023 08:46:57 PM - RIC Service Instance - INFO - The Database manager is being started
03/21/2023 08:46:57 PM - RIC Service Instance - INFO - The message handler started
03/21/2023 08:46:57 PM - RIC Service Instance - INFO - MQTT channels are started
03/21/2023 08:46:57 PM - RIC Service Instance - INFO - MQTT channels are succesfully connected.
03/21/2023 08:46:57 PM - RIC Service Instance - INFO - The AAS end Points are Started
03/21/2023 08:46:57 PM - RIC Service Instance - INFO - The message handler started
03/21/2023 08:46:57 PM - RIC Service Instance - INFO - The Skills are Started
03/21/2023 08:46:57 PM - RIC Service Instance - INFO - COAP namespaces are started
03/21/2023 08:46:58 PM - RIC Service Instance - INFO - COAP REST API namespaces are configured========================================
03/21/2023 08:47:35 PM - RIC Service Instance - INFO - The service Logger is Configured.
03/21/2023 08:47:35 PM - RIC Service Instance - INFO - Configuring the Service Entities.
03/21/2023 08:47:35 PM - RIC Service Instance - INFO - The AAS ID is configured.
03/21/2023 08:47:35 PM - RIC Service Instance - INFO - External Variables are configured.
03/21/2023 08:47:35 PM - RIC Service Instance - INFO - Configuration Parameters are Set.
03/21/2023 08:47:35 PM - RIC Service Instance - INFO - The External DB is configured
03/21/2023 08:47:36 PM - RIC Service Instance - INFO - REST API namespaces are configured
03/21/2023 08:47:36 PM - RIC Service Instance - INFO - The AAS I40 End Points are configured
03/21/2023 08:47:36 PM - RIC Service Instance - INFO - The skills are configured
03/21/2023 08:47:36 PM - RIC Service Instance - INFO - Starting the Service Entities
03/21/2023 08:47:36 PM - RIC Service Instance - INFO - The Database manager is being started
03/21/2023 08:47:36 PM - RIC Service Instance - INFO - The message handler started
03/21/2023 08:47:36 PM - RIC Service Instance - INFO - MQTT channels are succesfully connected.
03/21/2023 08:47:36 PM - RIC Service Instance - INFO - MQTT channels are started
03/21/2023 08:47:36 PM - RIC Service Instance - INFO - The AAS end Points are Started
03/21/2023 08:47:36 PM - RIC Service Instance - INFO - The message handler started
03/21/2023 08:47:36 PM - RIC Service Instance - INFO - The Skills are Started
03/21/2023 08:47:37 PM - RIC Service Instance - INFO - COAP namespaces are started
03/21/2023 08:47:37 PM - RIC Service Instance - INFO - COAP REST API namespaces are configured========================================
03/21/2023 08:49:09 PM - RIC Service Instance - INFO - The service Logger is Configured.
03/21/2023 08:49:09 PM - RIC Service Instance - INFO - Configuring the Service Entities.
03/21/2023 08:49:09 PM - RIC Service Instance - INFO - The AAS ID is configured.
03/21/2023 08:49:09 PM - RIC Service Instance - INFO - External Variables are configured.
03/21/2023 08:49:09 PM - RIC Service Instance - INFO - Configuration Parameters are Set.
03/21/2023 08:49:09 PM - RIC Service Instance - INFO - The External DB is configured
03/21/2023 08:49:09 PM - RIC Service Instance - INFO - REST API namespaces are configured
03/21/2023 08:49:09 PM - RIC Service Instance - INFO - The AAS I40 End Points are configured
03/21/2023 08:49:09 PM - RIC Service Instance - INFO - The skills are configured
03/21/2023 08:49:09 PM - RIC Service Instance - INFO - Starting the Service Entities
03/21/2023 08:49:09 PM - RIC Service Instance - INFO - The Database manager is being started
03/21/2023 08:49:09 PM - RIC Service Instance - INFO - The message handler started
03/21/2023 08:49:09 PM - RIC Service Instance - INFO - MQTT channels are succesfully connected.
03/21/2023 08:49:09 PM - RIC Service Instance - INFO - MQTT channels are started
03/21/2023 08:49:09 PM - RIC Service Instance - INFO - The AAS end Points are Started
03/21/2023 08:49:10 PM - RIC Service Instance - INFO - The message handler started
03/21/2023 08:49:10 PM - RIC Service Instance - INFO - COAP namespaces are started
03/21/2023 08:49:10 PM - RIC Service Instance - INFO - COAP REST API namespaces are configured========================================
03/21/2023 08:49:10 PM - RIC Service Instance - INFO - The Skills are Started
03/21/2023 08:51:03 PM - RIC Service Instance - INFO - The service Logger is Configured.
03/21/2023 08:51:03 PM - RIC Service Instance - INFO - Configuring the Service Entities.
03/21/2023 08:51:03 PM - RIC Service Instance - INFO - The AAS ID is configured.
03/21/2023 08:51:03 PM - RIC Service Instance - INFO - External Variables are configured.
03/21/2023 08:51:03 PM - RIC Service Instance - INFO - Configuration Parameters are Set.
03/21/2023 08:51:03 PM - RIC Service Instance - INFO - The External DB is configured
03/21/2023 08:51:03 PM - RIC Service Instance - INFO - REST API namespaces are configured
03/21/2023 08:51:03 PM - RIC Service Instance - INFO - The AAS I40 End Points are configured
03/21/2023 08:51:03 PM - RIC Service Instance - INFO - The skills are configured
03/21/2023 08:51:03 PM - RIC Service Instance - INFO - Starting the Service Entities
03/21/2023 08:51:03 PM - RIC Service Instance - INFO - The Database manager is being started
03/21/2023 08:51:03 PM - RIC Service Instance - INFO - The message handler started
03/21/2023 08:51:04 PM - RIC Service Instance - INFO - MQTT channels are started
03/21/2023 08:51:04 PM - RIC Service Instance - INFO - MQTT channels are succesfully connected.
03/21/2023 08:51:04 PM - RIC Service Instance - INFO - The AAS end Points are Started
03/21/2023 08:51:04 PM - RIC Service Instance - INFO - The message handler started
03/21/2023 08:51:04 PM - RIC Service Instance - INFO - The Skills are Started
03/21/2023 08:51:04 PM - RIC Service Instance - INFO - COAP namespaces are started
03/21/2023 08:51:04 PM - RIC Service Instance - INFO - COAP REST API namespaces are configured========================================
03/21/2023 11:29:09 PM - RIC Service Instance - INFO - MQTT channels are succesfully connected.
03/22/2023 07:27:55 AM - RIC Service Instance - INFO - MQTT channels are succesfully connected.
03/22/2023 08:31:10 AM - RIC Service Instance - INFO - MQTT channels are succesfully connected.
03/22/2023 11:55:12 AM - RIC Service Instance - INFO - MQTT channels are succesfully connected.
03/22/2023 12:20:38 PM - RIC Service Instance - INFO - MQTT channels are succesfully connected.
03/22/2023 01:23:56 PM - RIC Service Instance - INFO - MQTT channels are succesfully connected.
03/22/2023 04:51:37 PM - RIC Service Instance - INFO - MQTT channels are succesfully connected.
03/22/2023 10:07:02 PM - RIC Service Instance - INFO - MQTT channels are succesfully connected.
03/22/2023 11:05:40 PM - RIC Service Instance - INFO - MQTT channels are succesfully connected.
03/23/2023 12:35:41 AM - RIC Service Instance - INFO - MQTT channels are succesfully connected.
03/23/2023 07:28:29 AM - RIC Service Instance - INFO - MQTT channels are succesfully connected.
03/23/2023 08:00:10 AM - RIC Service Instance - INFO - MQTT channels are succesfully connected.
03/23/2023 08:10:32 AM - RIC Service Instance - INFO - MQTT channels are succesfully connected.
03/23/2023 11:54:49 AM - RIC Service Instance - INFO - MQTT channels are succesfully connected.
03/23/2023 03:12:05 PM - RIC Service Instance - INFO - MQTT channels are succesfully connected.
03/23/2023 04:48:29 PM - RIC Service Instance - INFO - MQTT channels are succesfully connected.
03/23/2023 08:29:38 PM - RIC Service Instance - INFO - MQTT channels are succesfully connected.
03/23/2023 08:49:27 PM - RIC Service Instance - INFO - MQTT channels are succesfully connected.
03/24/2023 01:07:35 AM - RIC Service Instance - INFO - MQTT channels are succesfully connected.
03/24/2023 06:47:32 AM - RIC Service Instance - INFO - MQTT channels are succesfully connected.
03/24/2023 08:56:45 AM - RIC Service Instance - INFO - MQTT channels are succesfully connected.
03/24/2023 11:12:57 AM - RIC Service Instance - INFO - MQTT channels are succesfully connected.
03/24/2023 04:16:52 PM - RIC Service Instance - INFO - MQTT channels are succesfully connected.
03/24/2023 08:15:50 PM - RIC Service Instance - INFO - MQTT channels are succesfully connected.
03/24/2023 08:57:05 PM - RIC Service Instance - INFO - MQTT channels are succesfully connected.
03/24/2023 09:31:45 PM - RIC Service Instance - INFO - MQTT channels are succesfully connected.
03/25/2023 12:08:17 AM - RIC Service Instance - INFO - MQTT channels are succesfully connected.
03/25/2023 07:49:25 AM - RIC Service Instance - INFO - MQTT channels are succesfully connected.
03/25/2023 09:21:30 AM - RIC Service Instance - INFO - MQTT channels are succesfully connected.
03/25/2023 09:54:12 AM - RIC Service Instance - INFO - MQTT channels are succesfully connected.
03/25/2023 11:36:39 AM - RIC Service Instance - INFO - MQTT channels are succesfully connected.
03/25/2023 11:39:17 AM - RIC Service Instance - INFO - MQTT channels are succesfully connected.
03/25/2023 01:25:16 PM - RIC Service Instance - INFO - MQTT channels are succesfully connected.
03/30/2023 12:36:33 PM - RIC Service Instance - INFO - The service Logger is Configured.
03/30/2023 12:36:33 PM - RIC Service Instance - INFO - Configuring the Service Entities.
03/30/2023 12:36:33 PM - RIC Service Instance - INFO - The AAS ID is configured.
03/30/2023 12:36:33 PM - RIC Service Instance - INFO - External Variables are configured.
03/30/2023 12:36:33 PM - RIC Service Instance - INFO - Configuration Parameters are Set.
03/30/2023 12:36:33 PM - RIC Service Instance - INFO - The External DB is configured
03/30/2023 12:36:34 PM - RIC Service Instance - INFO - REST API namespaces are configured
03/30/2023 12:36:34 PM - RIC Service Instance - INFO - The AAS I40 End Points are configured
03/30/2023 12:36:34 PM - RIC Service Instance - INFO - The skills are configured
03/30/2023 12:36:34 PM - RIC Service Instance - INFO - Starting the Service Entities
03/30/2023 12:36:34 PM - RIC Service Instance - INFO - The Database manager is being started
03/30/2023 12:36:34 PM - RIC Service Instance - INFO - The message handler started
03/30/2023 12:36:34 PM - RIC Service Instance - INFO - MQTT channels are succesfully connected.
03/30/2023 12:36:34 PM - RIC Service Instance - INFO - MQTT channels are started
03/30/2023 12:36:35 PM - RIC Service Instance - INFO - The AAS end Points are Started
03/30/2023 12:36:35 PM - RIC Service Instance - INFO - The message handler started
03/30/2023 12:36:35 PM - RIC Service Instance - INFO - COAP namespaces are started
03/30/2023 12:36:35 PM - RIC Service Instance - INFO - The Skills are Started
03/30/2023 12:36:35 PM - RIC Service Instance - INFO - COAP REST API namespaces are configured========================================
03/30/2023 02:08:18 PM - RIC Service Instance - INFO - MQTT channels are succesfully connected.
03/30/2023 02:43:43 PM - RIC Service Instance - INFO - MQTT channels are succesfully connected.
03/30/2023 04:06:57 PM - RIC Service Instance - INFO - The service Logger is Configured.
03/30/2023 04:06:57 PM - RIC Service Instance - INFO - Configuring the Service Entities.
03/30/2023 04:06:57 PM - RIC Service Instance - INFO - The AAS ID is configured.
03/30/2023 04:06:57 PM - RIC Service Instance - INFO - External Variables are configured.
03/30/2023 04:06:57 PM - RIC Service Instance - INFO - Configuration Parameters are Set.
03/30/2023 04:06:57 PM - RIC Service Instance - INFO - The External DB is configured
03/30/2023 04:06:58 PM - RIC Service Instance - INFO - REST API namespaces are configured
03/30/2023 04:06:58 PM - RIC Service Instance - INFO - The AAS I40 End Points are configured
03/30/2023 04:06:58 PM - RIC Service Instance - INFO - The skills are configured
03/30/2023 04:06:58 PM - RIC Service Instance - INFO - Starting the Service Entities
03/30/2023 04:06:58 PM - RIC Service Instance - INFO - The Database manager is being started
03/30/2023 04:06:58 PM - RIC Service Instance - INFO - The message handler started
03/30/2023 04:06:58 PM - RIC Service Instance - INFO - MQTT channels are started
03/30/2023 04:06:58 PM - RIC Service Instance - INFO - MQTT channels are succesfully connected.
03/30/2023 04:06:58 PM - RIC Service Instance - INFO - The AAS end Points are Started
03/30/2023 04:06:58 PM - RIC Service Instance - INFO - The message handler started
03/30/2023 04:06:58 PM - RIC Service Instance - INFO - COAP namespaces are started
03/30/2023 04:06:58 PM - RIC Service Instance - INFO - COAP REST API namespaces are configured========================================
03/30/2023 04:06:58 PM - RIC Service Instance - INFO - The Skills are Started
03/30/2023 04:07:09 PM - RIC Service Instance - INFO - The service Logger is Configured.
03/30/2023 04:07:09 PM - RIC Service Instance - INFO - Configuring the Service Entities.
03/30/2023 04:07:09 PM - RIC Service Instance - INFO - The AAS ID is configured.
03/30/2023 04:07:09 PM - RIC Service Instance - INFO - External Variables are configured.
03/30/2023 04:07:09 PM - RIC Service Instance - INFO - Configuration Parameters are Set.
03/30/2023 04:07:09 PM - RIC Service Instance - INFO - The External DB is configured
03/30/2023 04:07:10 PM - RIC Service Instance - INFO - REST API namespaces are configured
03/30/2023 04:07:10 PM - RIC Service Instance - INFO - The AAS I40 End Points are configured
03/30/2023 04:07:10 PM - RIC Service Instance - INFO - The skills are configured
03/30/2023 04:07:10 PM - RIC Service Instance - INFO - Starting the Service Entities
03/30/2023 04:07:10 PM - RIC Service Instance - INFO - The Database manager is being started
03/30/2023 04:07:10 PM - RIC Service Instance - INFO - The message handler started
03/30/2023 04:07:10 PM - RIC Service Instance - INFO - MQTT channels are started
03/30/2023 04:07:10 PM - RIC Service Instance - INFO - MQTT channels are succesfully connected.
03/30/2023 04:07:10 PM - RIC Service Instance - INFO - The AAS end Points are Started
03/30/2023 04:07:10 PM - RIC Service Instance - INFO - The message handler started
03/30/2023 04:07:10 PM - RIC Service Instance - INFO - COAP namespaces are started
03/30/2023 04:07:10 PM - RIC Service Instance - INFO - COAP REST API namespaces are configured========================================
03/30/2023 04:07:10 PM - RIC Service Instance - INFO - The Skills are Started
03/30/2023 04:09:45 PM - RIC Service Instance - INFO - A new broadcasting message has arrived
03/30/2023 04:10:11 PM - RIC Service Instance - INFO - MQTT channels are succesfully connected.
03/30/2023 04:16:40 PM - RIC Service Instance - INFO - The service Logger is Configured.
03/30/2023 04:16:40 PM - RIC Service Instance - INFO - Configuring the Service Entities.
03/30/2023 04:16:40 PM - RIC Service Instance - INFO - The AAS ID is configured.
03/30/2023 04:16:40 PM - RIC Service Instance - INFO - External Variables are configured.
03/30/2023 04:16:40 PM - RIC Service Instance - INFO - Configuration Parameters are Set.
03/30/2023 04:16:40 PM - RIC Service Instance - INFO - The External DB is configured
03/30/2023 04:16:41 PM - RIC Service Instance - INFO - REST API namespaces are configured
03/30/2023 04:16:41 PM - RIC Service Instance - INFO - The AAS I40 End Points are configured
03/30/2023 04:16:41 PM - RIC Service Instance - INFO - The skills are configured
03/30/2023 04:16:41 PM - RIC Service Instance - INFO - Starting the Service Entities
03/30/2023 04:16:41 PM - RIC Service Instance - INFO - The Database manager is being started
03/30/2023 04:16:41 PM - RIC Service Instance - INFO - The message handler started
03/30/2023 04:16:41 PM - RIC Service Instance - INFO - MQTT channels are started
03/30/2023 04:16:41 PM - RIC Service Instance - INFO - MQTT channels are succesfully connected.
03/30/2023 04:16:41 PM - RIC Service Instance - INFO - The AAS end Points are Started
03/30/2023 04:16:41 PM - RIC Service Instance - INFO - The message handler started
03/30/2023 04:16:41 PM - RIC Service Instance - INFO - COAP namespaces are started
03/30/2023 04:16:41 PM - RIC Service Instance - INFO - COAP REST API namespaces are configured========================================
03/30/2023 04:16:42 PM - RIC Service Instance - INFO - The Skills are Started
03/30/2023 04:17:16 PM - RIC Service Instance - INFO - A new broadcasting message has arrived
03/30/2023 04:18:32 PM - RIC Service Instance - INFO - A new broadcasting message has arrived
03/30/2023 06:05:04 PM - RIC Service Instance - INFO - MQTT channels are succesfully connected.
03/31/2023 07:49:54 PM - RIC Service Instance - INFO - The service Logger is Configured.
03/31/2023 07:49:54 PM - RIC Service Instance - INFO - Configuring the Service Entities.
03/31/2023 07:49:54 PM - RIC Service Instance - INFO - The AAS ID is configured.
03/31/2023 07:49:54 PM - RIC Service Instance - INFO - External Variables are configured.
03/31/2023 07:49:54 PM - RIC Service Instance - INFO - Configuration Parameters are Set.
03/31/2023 07:49:54 PM - RIC Service Instance - INFO - The External DB is configured
03/31/2023 07:49:54 PM - RIC Service Instance - INFO - REST API namespaces are configured
03/31/2023 07:49:55 PM - RIC Service Instance - INFO - The AAS I40 End Points are configured
03/31/2023 07:49:55 PM - RIC Service Instance - INFO - The skills are configured
03/31/2023 07:49:55 PM - RIC Service Instance - INFO - Starting the Service Entities
03/31/2023 07:49:55 PM - RIC Service Instance - INFO - The Database manager is being started
03/31/2023 07:49:55 PM - RIC Service Instance - INFO - The message handler started
03/31/2023 07:50:03 PM - RIC Service Instance - INFO - The service Logger is Configured.
03/31/2023 07:50:03 PM - RIC Service Instance - INFO - Configuring the Service Entities.
03/31/2023 07:50:03 PM - RIC Service Instance - INFO - The AAS ID is configured.
03/31/2023 07:50:03 PM - RIC Service Instance - INFO - External Variables are configured.
03/31/2023 07:50:03 PM - RIC Service Instance - INFO - Configuration Parameters are Set.
03/31/2023 07:50:03 PM - RIC Service Instance - INFO - The External DB is configured
03/31/2023 07:50:04 PM - RIC Service Instance - INFO - REST API namespaces are configured
03/31/2023 07:50:04 PM - RIC Service Instance - INFO - The AAS I40 End Points are configured
03/31/2023 07:50:04 PM - RIC Service Instance - INFO - The skills are configured
03/31/2023 07:50:04 PM - RIC Service Instance - INFO - Starting the Service Entities
03/31/2023 07:50:04 PM - RIC Service Instance - INFO - The Database manager is being started
03/31/2023 07:50:04 PM - RIC Service Instance - INFO - The message handler started
04/05/2023 10:02:34 PM - RIC Service Instance - INFO - The service Logger is Configured.
04/05/2023 10:02:34 PM - RIC Service Instance - INFO - Configuring the Service Entities.
04/05/2023 10:02:34 PM - RIC Service Instance - INFO - The AAS ID is configured.
04/05/2023 10:02:34 PM - RIC Service Instance - INFO - External Variables are configured.
04/05/2023 10:02:34 PM - RIC Service Instance - INFO - Configuration Parameters are Set.
04/05/2023 10:02:34 PM - RIC Service Instance - INFO - The External DB is configured
04/05/2023 10:02:35 PM - RIC Service Instance - INFO - REST API namespaces are configured
04/05/2023 10:02:35 PM - RIC Service Instance - INFO - The AAS I40 End Points are configured
04/05/2023 10:02:35 PM - RIC Service Instance - INFO - The skills are configured
04/05/2023 10:02:35 PM - RIC Service Instance - INFO - Starting the Service Entities
04/05/2023 10:02:35 PM - RIC Service Instance - INFO - The Database manager is being started
04/05/2023 10:02:35 PM - RIC Service Instance - INFO - The message handler started
04/05/2023 10:02:39 PM - RIC Service Instance - INFO - Unable to connect to the mqtt server [WinError 10061] Es konnte keine Verbindung hergestellt werden, da der Zielcomputer die Verbindung verweigerte
04/05/2023 10:03:13 PM - RIC Service Instance - INFO - The service Logger is Configured.
04/05/2023 10:03:13 PM - RIC Service Instance - INFO - Configuring the Service Entities.
04/05/2023 10:03:13 PM - RIC Service Instance - INFO - The AAS ID is configured.
04/05/2023 10:03:13 PM - RIC Service Instance - INFO - External Variables are configured.
04/05/2023 10:03:13 PM - RIC Service Instance - INFO - Configuration Parameters are Set.
04/05/2023 10:03:13 PM - RIC Service Instance - INFO - The External DB is configured
04/05/2023 10:03:13 PM - RIC Service Instance - INFO - REST API namespaces are configured
04/05/2023 10:03:13 PM - RIC Service Instance - INFO - The AAS I40 End Points are configured
04/05/2023 10:03:13 PM - RIC Service Instance - INFO - The skills are configured
04/05/2023 10:03:13 PM - RIC Service Instance - INFO - Starting the Service Entities
04/05/2023 10:03:13 PM - RIC Service Instance - INFO - The Database manager is being started
04/05/2023 10:03:13 PM - RIC Service Instance - INFO - The message handler started
04/05/2023 10:03:13 PM - RIC Service Instance - INFO - MQTT channels are succesfully connected.
04/05/2023 10:03:13 PM - RIC Service Instance - INFO - MQTT channels are started
04/05/2023 10:03:13 PM - RIC Service Instance - INFO - The AAS end Points are Started
04/05/2023 10:03:14 PM - RIC Service Instance - INFO - COAP namespaces are started
04/05/2023 10:03:14 PM - RIC Service Instance - INFO - The message handler started
04/05/2023 10:03:14 PM - RIC Service Instance - INFO - COAP REST API namespaces are configured========================================
04/05/2023 10:03:14 PM - RIC Service Instance - INFO - The Skills are Started
04/05/2023 10:07:24 PM - RIC Service Instance - INFO - A new broadcasting message has arrived
04/05/2023 10:12:56 PM - RIC Service Instance - INFO - A new broadcasting message has arrived
04/05/2023 10:17:25 PM - RIC Service Instance - INFO - A new broadcasting message has arrived
04/05/2023 10:17:56 PM - RIC Service Instance - INFO - A new broadcasting message has arrived
04/05/2023 10:18:36 PM - RIC Service Instance - INFO - A new broadcasting message has arrived
04/05/2023 10:19:27 PM - RIC Service Instance - INFO - A new broadcasting message has arrived
04/05/2023 10:22:16 PM - RIC Service Instance - INFO - A new broadcasting message has arrived
04/05/2023 10:23:31 PM - RIC Service Instance - INFO - A new broadcasting message has arrived
04/05/2023 10:28:13 PM - RIC Service Instance - INFO - A new broadcasting message has arrived
04/05/2023 10:29:55 PM - RIC Service Instance - INFO - A new broadcasting message has arrived
04/05/2023 10:41:35 PM - RIC Service Instance - INFO - A new broadcasting message has arrived
04/05/2023 10:44:33 PM - RIC Service Instance - INFO - A new broadcasting message has arrived
04/05/2023 10:46:03 PM - RIC Service Instance - INFO - A new broadcasting message has arrived
04/05/2023 10:47:09 PM - RIC Service Instance - INFO - A new broadcasting message has arrived
04/05/2023 10:47:41 PM - RIC Service Instance - INFO - REST API namespaces are stopped.
04/05/2023 10:47:41 PM - RIC Service Instance - INFO - REST API namespaces are stopped.
04/05/2023 10:48:25 PM - RIC Service Instance - INFO - The service Logger is Configured.
04/05/2023 10:48:25 PM - RIC Service Instance - INFO - Configuring the Service Entities.
04/05/2023 10:48:25 PM - RIC Service Instance - INFO - The AAS ID is configured.
04/05/2023 10:48:25 PM - RIC Service Instance - INFO - External Variables are configured.
04/05/2023 10:48:25 PM - RIC Service Instance - INFO - Configuration Parameters are Set.
04/05/2023 10:48:25 PM - RIC Service Instance - INFO - The External DB is configured
04/05/2023 10:48:25 PM - RIC Service Instance - INFO - REST API namespaces are configured
04/05/2023 10:48:25 PM - RIC Service Instance - INFO - The AAS I40 End Points are configured
04/05/2023 10:48:25 PM - RIC Service Instance - INFO - The skills are configured
04/05/2023 10:48:25 PM - RIC Service Instance - INFO - Starting the Service Entities
04/05/2023 10:48:25 PM - RIC Service Instance - INFO - The Database manager is being started
04/05/2023 10:48:25 PM - RIC Service Instance - INFO - The message handler started
04/05/2023 10:48:25 PM - RIC Service Instance - INFO - MQTT channels are started
04/05/2023 10:48:25 PM - RIC Service Instance - INFO - MQTT channels are succesfully connected.
04/05/2023 10:48:25 PM - RIC Service Instance - INFO - The AAS end Points are Started
04/05/2023 10:48:26 PM - RIC Service Instance - INFO - The message handler started
04/05/2023 10:48:26 PM - RIC Service Instance - INFO - COAP namespaces are started
04/05/2023 10:48:26 PM - RIC Service Instance - INFO - The Skills are Started
04/05/2023 10:48:26 PM - RIC Service Instance - INFO - COAP REST API namespaces are configured========================================
04/05/2023 10:48:44 PM - RIC Service Instance - INFO - A new broadcasting message has arrived
04/05/2023 10:52:29 PM - RIC Service Instance - INFO - REST API namespaces are stopped.
04/05/2023 10:52:29 PM - RIC Service Instance - INFO - REST API namespaces are stopped.
04/05/2023 10:52:50 PM - RIC Service Instance - INFO - The service Logger is Configured.
04/05/2023 10:52:50 PM - RIC Service Instance - INFO - Configuring the Service Entities.
04/05/2023 10:52:50 PM - RIC Service Instance - INFO - The AAS ID is configured.
04/05/2023 10:52:50 PM - RIC Service Instance - INFO - External Variables are configured.
04/05/2023 10:52:50 PM - RIC Service Instance - INFO - Configuration Parameters are Set.
04/05/2023 10:52:50 PM - RIC Service Instance - INFO - The External DB is configured
04/05/2023 10:52:50 PM - RIC Service Instance - INFO - REST API namespaces are configured
04/05/2023 10:52:50 PM - RIC Service Instance - INFO - The AAS I40 End Points are configured
04/05/2023 10:52:50 PM - RIC Service Instance - INFO - The skills are configured
04/05/2023 10:52:50 PM - RIC Service Instance - INFO - Starting the Service Entities
04/05/2023 10:52:50 PM - RIC Service Instance - INFO - The Database manager is being started
04/05/2023 10:52:50 PM - RIC Service Instance - INFO - The message handler started
04/05/2023 10:52:50 PM - RIC Service Instance - INFO - MQTT channels are started
04/05/2023 10:52:50 PM - RIC Service Instance - INFO - MQTT channels are succesfully connected.
04/05/2023 10:52:50 PM - RIC Service Instance - INFO - The AAS end Points are Started
04/05/2023 10:52:50 PM - RIC Service Instance - INFO - The message handler started
04/05/2023 10:52:51 PM - RIC Service Instance - INFO - COAP namespaces are started
04/05/2023 10:52:51 PM - RIC Service Instance - INFO - The Skills are Started
04/05/2023 10:52:51 PM - RIC Service Instance - INFO - COAP REST API namespaces are configured========================================
04/05/2023 10:53:06 PM - RIC Service Instance - INFO - A new broadcasting message has arrived
04/05/2023 10:53:10 PM - RIC Service Instance - INFO - A new broadcasting message has arrived
04/05/2023 10:53:11 PM - RIC Service Instance - INFO - A new broadcasting message has arrived
04/05/2023 10:58:18 PM - RIC Service Instance - INFO - A new broadcasting message has arrived
04/05/2023 11:01:05 PM - RIC Service Instance - INFO - A new broadcasting message has arrived
04/05/2023 11:02:33 PM - RIC Service Instance - INFO - A new broadcasting message has arrived
04/05/2023 11:11:32 PM - RIC Service Instance - INFO - A new broadcasting message has arrived
04/05/2023 11:13:56 PM - RIC Service Instance - INFO - A new broadcasting message has arrived
04/05/2023 11:17:04 PM - RIC Service Instance - INFO - A new broadcasting message has arrived
04/05/2023 11:17:08 PM - RIC Service Instance - INFO - A new broadcasting message has arrived
04/05/2023 11:22:05 PM - RIC Service Instance - INFO - A new broadcasting message has arrived
04/05/2023 11:23:52 PM - RIC Service Instance - INFO - A new broadcasting message has arrived
04/05/2023 11:24:52 PM - RIC Service Instance - INFO - A new broadcasting message has arrived
04/05/2023 11:25:59 PM - RIC Service Instance - INFO - A new broadcasting message has arrived
04/05/2023 11:30:36 PM - RIC Service Instance - INFO - A new broadcasting message has arrived
04/05/2023 11:32:06 PM - RIC Service Instance - INFO - A new broadcasting message has arrived
04/05/2023 11:32:12 PM - RIC Service Instance - INFO - A new broadcasting message has arrived
04/05/2023 11:33:42 PM - RIC Service Instance - INFO - A new broadcasting message has arrived
04/05/2023 11:33:47 PM - RIC Service Instance - INFO - A new broadcasting message has arrived
04/05/2023 11:38:34 PM - RIC Service Instance - INFO - A new broadcasting message has arrived
04/05/2023 11:38:39 PM - RIC Service Instance - INFO - A new broadcasting message has arrived
04/05/2023 11:40:27 PM - RIC Service Instance - INFO - A new broadcasting message has arrived
04/05/2023 11:40:31 PM - RIC Service Instance - INFO - A new broadcasting message has arrived
04/05/2023 11:43:39 PM - RIC Service Instance - INFO - A new broadcasting message has arrived
04/05/2023 11:43:44 PM - RIC Service Instance - INFO - A new broadcasting message has arrived
04/05/2023 11:44:59 PM - RIC Service Instance - INFO - A new broadcasting message has arrived
04/05/2023 11:45:03 PM - RIC Service Instance - INFO - A new broadcasting message has arrived
04/05/2023 11:47:14 PM - RIC Service Instance - INFO - The service Logger is Configured.
04/05/2023 11:47:14 PM - RIC Service Instance - INFO - Configuring the Service Entities.
04/05/2023 11:47:14 PM - RIC Service Instance - INFO - The AAS ID is configured.
04/05/2023 11:47:14 PM - RIC Service Instance - INFO - External Variables are configured.
04/05/2023 11:47:14 PM - RIC Service Instance - INFO - Configuration Parameters are Set.
04/05/2023 11:47:14 PM - RIC Service Instance - INFO - The External DB is configured
04/05/2023 11:47:15 PM - RIC Service Instance - INFO - REST API namespaces are configured
04/05/2023 11:47:15 PM - RIC Service Instance - INFO - The AAS I40 End Points are configured
04/05/2023 11:47:15 PM - RIC Service Instance - INFO - The skills are configured
04/05/2023 11:47:15 PM - RIC Service Instance - INFO - Starting the Service Entities
04/05/2023 11:47:15 PM - RIC Service Instance - INFO - The Database manager is being started
04/05/2023 11:47:15 PM - RIC Service Instance - INFO - The message handler started
04/05/2023 11:47:15 PM - RIC Service Instance - INFO - MQTT channels are started
04/05/2023 11:47:15 PM - RIC Service Instance - INFO - MQTT channels are succesfully connected.
04/05/2023 11:47:15 PM - RIC Service Instance - INFO - The AAS end Points are Started
04/05/2023 11:47:15 PM - RIC Service Instance - INFO - The message handler started
04/05/2023 11:47:15 PM - RIC Service Instance - INFO - COAP namespaces are started
04/05/2023 11:47:15 PM - RIC Service Instance - INFO - The Skills are Started
04/05/2023 11:47:15 PM - RIC Service Instance - INFO - COAP REST API namespaces are configured========================================
04/05/2023 11:47:48 PM - RIC Service Instance - INFO - A new broadcasting message has arrived
04/05/2023 11:47:52 PM - RIC Service Instance - INFO - A new broadcasting message has arrived
04/05/2023 11:53:04 PM - RIC Service Instance - INFO - A new broadcasting message has arrived
04/05/2023 11:53:08 PM - RIC Service Instance - INFO - A new broadcasting message has arrived
04/05/2023 11:55:14 PM - RIC Service Instance - INFO - A new broadcasting message has arrived
04/05/2023 11:55:19 PM - RIC Service Instance - INFO - A new broadcasting message has arrived
04/06/2023 12:00:51 AM - RIC Service Instance - INFO - A new broadcasting message has arrived
04/06/2023 12:00:55 AM - RIC Service Instance - INFO - A new broadcasting message has arrived
04/06/2023 12:08:45 AM - RIC Service Instance - INFO - A new broadcasting message has arrived
04/06/2023 12:08:51 AM - RIC Service Instance - INFO - A new broadcasting message has arrived
04/06/2023 12:10:28 AM - RIC Service Instance - INFO - A new broadcasting message has arrived
04/06/2023 12:10:32 AM - RIC Service Instance - INFO - A new broadcasting message has arrived
04/06/2023 12:11:01 AM - RIC Service Instance - INFO - A new broadcasting message has arrived
04/06/2023 12:11:04 AM - RIC Service Instance - INFO - A new broadcasting message has arrived
04/06/2023 12:11:33 AM - RIC Service Instance - INFO - A new broadcasting message has arrived
04/06/2023 12:18:27 AM - RIC Service Instance - INFO - REST API namespaces are stopped.
04/06/2023 12:18:27 AM - RIC Service Instance - INFO - REST API namespaces are stopped.
